<?xml version="1.0" encoding="UTF-8"?>
<!-- Generated by org.testng.reporters.JUnitReportReporter -->
<testsuite hostname="CG-DTE-Student" failures="0" tests="2" name="amitrajput.AppiumTest" time="0.029" errors="0" timestamp="2021-05-02T00:27:35 IST" skipped="0">
  <testcase classname="amitrajput.AppiumTest" name="IOS" time="0.022"/>
  <system-out/>
  <testcase classname="amitrajput.AppiumTest" name="nativeAppAndorid" time="0.007"/>
  <system-out/>
</testsuite> <!-- amitrajput.AppiumTest -->
