<?xml version="1.0" encoding="UTF-8"?>
<!-- Generated by org.testng.reporters.JUnitReportReporter -->
<testsuite hostname="CG-DTE-Student" failures="0" tests="2" name="amitrajput.SeleniumTest" time="0.004" errors="0" timestamp="2021-05-02T00:29:12 IST" skipped="0">
  <testcase classname="amitrajput.SeleniumTest" name="BrowserAutomation" time="0.001"/>
  <system-out/>
  <testcase classname="amitrajput.SeleniumTest" name="elementUi" time="0.003"/>
  <system-out/>
</testsuite> <!-- amitrajput.SeleniumTest -->
