<?xml version="1.0" encoding="UTF-8"?>
<!-- Generated by org.testng.reporters.JUnitReportReporter -->
<testsuite hostname="CG-DTE-Student" failures="0" tests="2" name="amitrajput.RESTAPITest" time="0.003" errors="0" timestamp="2021-05-02T00:29:12 IST" skipped="0">
  <testcase classname="amitrajput.RESTAPITest" name="PostJira" time="0.001"/>
  <system-out/>
  <testcase classname="amitrajput.RESTAPITest" name="deleteTwitter" time="0.002"/>
  <system-out/>
</testsuite> <!-- amitrajput.RESTAPITest -->
